<?xml version="1.0" encoding="UTF-8"?>
<!-- Generated by org.testng.reporters.JUnitReportReporter -->
<testsuite hostname="VICKY" name="com.actitime.projectandcustomertest.projectAndCustomertest" tests="1" failures="0" timestamp="9 May 2016 02:00:18 GMT" time="8.629" errors="0">
  <testcase name="createCustomerTest" time="8.629" classname="com.actitime.projectandcustomertest.projectAndCustomertest"/>
</testsuite> <!-- com.actitime.projectandcustomertest.projectAndCustomertest -->
