<?xml version="1.0" encoding="UTF-8"?>
<!-- Generated by org.testng.reporters.JUnitReportReporter -->
<testsuite hostname="VICKY" name="org.minecs.org.minecs.TestScript.NewTest" tests="2" failures="0" timestamp="20 Sep 2015 11:42:13 GMT" time="0.000" errors="0">
  <testcase name="f" time="0.000" classname="org.minecs.org.minecs.TestScript.NewTest"/>
  <testcase name="fa" time="0.000" classname="org.minecs.org.minecs.TestScript.NewTest"/>
</testsuite> <!-- org.minecs.org.minecs.TestScript.NewTest -->
