<?xml version="1.0" encoding="UTF-8"?>
<!-- Generated by org.testng.reporters.JUnitReportReporter -->
<testsuite hostname="VICKY" name="test.NewTest" tests="3" failures="0" timestamp="22 May 2016 19:44:10 GMT" time="0.016" errors="0">
  <testcase name="f" time="0.002" classname="test.NewTest"/>
  <testcase name="f" time="0.012" classname="test.NewTest"/>
  <testcase name="f" time="0.002" classname="test.NewTest"/>
</testsuite> <!-- test.NewTest -->
