<?xml version="1.0" encoding="UTF-8"?>
<!-- Generated by org.testng.reporters.JUnitReportReporter -->
<testsuite hostname="VICKY" name="brokenLinks" tests="1" failures="0" timestamp="5 Feb 2016 02:25:27 GMT" time="36.210" errors="0">
  <testcase name="validateInvalidLinks" time="36.210" classname="brokenLinks"/>
</testsuite> <!-- brokenLinks -->
