<?xml version="1.0" encoding="UTF-8"?>
<!-- Generated by org.testng.reporters.JUnitReportReporter -->
<testsuite hostname="VICKY" name="test.NewTest1" tests="1" failures="0" timestamp="2 May 2016 07:15:17 GMT" time="0.003" errors="0">
  <testcase name="f" time="0.003" classname="test.NewTest1"/>
</testsuite> <!-- test.NewTest1 -->
