<?xml version="1.0" encoding="UTF-8"?>
<!-- Generated by org.testng.reporters.JUnitReportReporter -->
<testsuite hostname="VICKY" name="test.Practice12Test" tests="1" failures="0" timestamp="1 Mar 2016 12:14:49 GMT" time="0.016" errors="0">
  <testcase name="screenShot" time="0.016" classname="test.Practice12Test"/>
</testsuite> <!-- test.Practice12Test -->
