<?xml version="1.0" encoding="UTF-8"?>
<!-- Generated by org.testng.reporters.JUnitReportReporter -->
<testsuite hostname="VICKY" name="test.FirstTest" tests="2" failures="0" timestamp="9 May 2016 02:01:55 GMT" time="0.015" errors="0">
  <testcase name="myFirstTest" time="0.015" classname="test.FirstTest"/>
  <testcase name="myFirstTest2" time="0.000" classname="test.FirstTest"/>
</testsuite> <!-- test.FirstTest -->
