<?xml version="1.0" encoding="UTF-8"?>
<!-- Generated by org.testng.reporters.JUnitReportReporter -->
<testsuite hostname="VICKY" name="test.SeleniumDataBaseTesting" tests="1" failures="0" timestamp="29 Aug 2016 05:08:22 GMT" time="0.016" errors="0">
  <testcase name="f" time="0.016" classname="test.SeleniumDataBaseTesting"/>
</testsuite> <!-- test.SeleniumDataBaseTesting -->
