<?xml version="1.0" encoding="UTF-8"?>
<!-- Generated by org.testng.reporters.JUnitReportReporter -->
<testsuite hostname="VICKY" name="com.actitime.projectandcustomertest.projectAndCustomertest" tests="1" failures="0" timestamp="1 Nov 2015 12:42:10 GMT" time="3.508" errors="0">
  <testcase name="createCustomerTest" time="3.508" classname="com.actitime.projectandcustomertest.projectAndCustomertest"/>
</testsuite> <!-- com.actitime.projectandcustomertest.projectAndCustomertest -->
