<?xml version="1.0" encoding="UTF-8"?>
<!-- Generated by org.testng.reporters.JUnitReportReporter -->
<testsuite hostname="VICKY" name="com.ocm22.actitime.facebookTest" tests="1" failures="0" timestamp="14 Dec 2015 12:00:16 GMT" time="10.346" errors="0">
  <testcase name="login" time="10.346" classname="com.ocm22.actitime.facebookTest"/>
</testsuite>
